This is pdfTeX, Version 3.141592653-2.6-1.40.26 (MiKTeX 24.4) (preloaded format=pdflatex 2024.8.25)  28 APR 2026 09:48
entering extended mode
 restricted \write18 enabled.
 %&-line parsing enabled.
**./shankar-draft-new.tex
(shankar-draft-new.tex
LaTeX2e <2024-06-01> patch level 2
L3 programming layer <2024-07-20>
(C:\Users\Shankar\AppData\Local\Programs\MiKTeX\tex/latex/base\book.cls
Document Class: book 2024/02/08 v1.4n Standard LaTeX document class
(C:\Users\Shankar\AppData\Local\Programs\MiKTeX\tex/latex/base\bk11.clo
File: bk11.clo 2024/02/08 v1.4n Standard LaTeX file (size option)
)
\c@part=\count194
\c@chapter=\count195
\c@section=\count196
\c@subsection=\count197
\c@subsubsection=\count198
\c@paragraph=\count199
\c@subparagraph=\count266
\c@figure=\count267
\c@table=\count268
\abovecaptionskip=\skip49
\belowcaptionskip=\skip50
\bibindent=\dimen141
)
(C:\Users\Shankar\AppData\Local\Programs\MiKTeX\tex/latex/amsmath\amsmath.sty
Package: amsmath 2024/05/23 v2.17q AMS math features
\@mathmargin=\skip51

For additional information on amsmath, use the `?' option.
(C:\Users\Shankar\AppData\Local\Programs\MiKTeX\tex/latex/amsmath\amstext.sty
Package: amstext 2021/08/26 v2.01 AMS text

(C:\Users\Shankar\AppData\Local\Programs\MiKTeX\tex/latex/amsmath\amsgen.sty
File: amsgen.sty 1999/11/30 v2.0 generic functions
\@emptytoks=\toks17
\ex@=\dimen142
))
(C:\Users\Shankar\AppData\Local\Programs\MiKTeX\tex/latex/amsmath\amsbsy.sty
Package: amsbsy 1999/11/29 v1.2d Bold Symbols
\pmbraise@=\dimen143
)
(C:\Users\Shankar\AppData\Local\Programs\MiKTeX\tex/latex/amsmath\amsopn.sty
Package: amsopn 2022/04/08 v2.04 operator names
)
\inf@bad=\count269
LaTeX Info: Redefining \frac on input line 233.
\uproot@=\count270
\leftroot@=\count271
LaTeX Info: Redefining \overline on input line 398.
LaTeX Info: Redefining \colon on input line 409.
\classnum@=\count272
\DOTSCASE@=\count273
LaTeX Info: Redefining \ldots on input line 495.
LaTeX Info: Redefining \dots on input line 498.
LaTeX Info: Redefining \cdots on input line 619.
\Mathstrutbox@=\box52
\strutbox@=\box53
LaTeX Info: Redefining \big on input line 721.
LaTeX Info: Redefining \Big on input line 722.
LaTeX Info: Redefining \bigg on input line 723.
LaTeX Info: Redefining \Bigg on input line 724.
\big@size=\dimen144
LaTeX Font Info:    Redeclaring font encoding OML on input line 742.
LaTeX Font Info:    Redeclaring font encoding OMS on input line 743.
\macc@depth=\count274
LaTeX Info: Redefining \bmod on input line 904.
LaTeX Info: Redefining \pmod on input line 909.
LaTeX Info: Redefining \smash on input line 939.
LaTeX Info: Redefining \relbar on input line 969.
LaTeX Info: Redefining \Relbar on input line 970.
\c@MaxMatrixCols=\count275
\dotsspace@=\muskip17
\c@parentequation=\count276
\dspbrk@lvl=\count277
\tag@help=\toks18
\row@=\count278
\column@=\count279
\maxfields@=\count280
\andhelp@=\toks19
\eqnshift@=\dimen145
\alignsep@=\dimen146
\tagshift@=\dimen147
\tagwidth@=\dimen148
\totwidth@=\dimen149
\lineht@=\dimen150
\@envbody=\toks20
\multlinegap=\skip52
\multlinetaggap=\skip53
\mathdisplay@stack=\toks21
LaTeX Info: Redefining \[ on input line 2953.
LaTeX Info: Redefining \] on input line 2954.
)
(C:\Users\Shankar\AppData\Local\Programs\MiKTeX\tex/latex/amsfonts\amssymb.sty
Package: amssymb 2013/01/14 v3.01 AMS font symbols

(C:\Users\Shankar\AppData\Local\Programs\MiKTeX\tex/latex/amsfonts\amsfonts.sty
Package: amsfonts 2013/01/14 v3.01 Basic AMSFonts support
\symAMSa=\mathgroup4
\symAMSb=\mathgroup5
LaTeX Font Info:    Redeclaring math symbol \hbar on input line 98.
LaTeX Font Info:    Overwriting math alphabet `\mathfrak' in version `bold'
(Font)                  U/euf/m/n --> U/euf/b/n on input line 106.
)) (C:\Users\Shankar\AppData\Local\Programs\MiKTeX\tex/latex/amscls\amsthm.sty
Package: amsthm 2020/05/29 v2.20.6
\thm@style=\toks22
\thm@bodyfont=\toks23
\thm@headfont=\toks24
\thm@notefont=\toks25
\thm@headpunct=\toks26
\thm@preskip=\skip54
\thm@postskip=\skip55
\thm@headsep=\skip56
\dth@everypar=\toks27
)
(C:\Users\Shankar\AppData\Local\Programs\MiKTeX\tex/latex/pgf/frontendlayer\tik
z.sty
(C:\Users\Shankar\AppData\Local\Programs\MiKTeX\tex/latex/pgf/basiclayer\pgf.st
y
(C:\Users\Shankar\AppData\Local\Programs\MiKTeX\tex/latex/pgf/utilities\pgfrcs.
sty
(C:\Users\Shankar\AppData\Local\Programs\MiKTeX\tex/generic/pgf/utilities\pgfut
il-common.tex
\pgfutil@everybye=\toks28
\pgfutil@tempdima=\dimen151
\pgfutil@tempdimb=\dimen152
)
(C:\Users\Shankar\AppData\Local\Programs\MiKTeX\tex/generic/pgf/utilities\pgfut
il-latex.def
\pgfutil@abb=\box54
)
(C:\Users\Shankar\AppData\Local\Programs\MiKTeX\tex/generic/pgf/utilities\pgfrc
s.code.tex
(C:\Users\Shankar\AppData\Local\Programs\MiKTeX\tex/generic/pgf\pgf.revision.te
x)
Package: pgfrcs 2023-01-15 v3.1.10 (3.1.10)
))
Package: pgf 2023-01-15 v3.1.10 (3.1.10)

(C:\Users\Shankar\AppData\Local\Programs\MiKTeX\tex/latex/pgf/basiclayer\pgfcor
e.sty
(C:\Users\Shankar\AppData\Local\Programs\MiKTeX\tex/latex/graphics\graphicx.sty
Package: graphicx 2021/09/16 v1.2d Enhanced LaTeX Graphics (DPC,SPQR)
(C:\Users\Shankar\AppData\Local\Programs\MiKTeX\tex/latex/graphics\keyval.sty
Package: keyval 2022/05/29 v1.15 key=value parser (DPC)
\KV@toks@=\toks29
)
(C:\Users\Shankar\AppData\Local\Programs\MiKTeX\tex/latex/graphics\graphics.sty
Package: graphics 2024/05/23 v1.4g Standard LaTeX Graphics (DPC,SPQR)
(C:\Users\Shankar\AppData\Local\Programs\MiKTeX\tex/latex/graphics\trig.sty
Package: trig 2023/12/02 v1.11 sin cos tan (DPC)
)
(C:\Users\Shankar\AppData\Local\Programs\MiKTeX\tex/latex/graphics-cfg\graphics
.cfg
File: graphics.cfg 2016/06/04 v1.11 sample graphics configuration
)
Package graphics Info: Driver file: pdftex.def on input line 106.

(C:\Users\Shankar\AppData\Local\Programs\MiKTeX\tex/latex/graphics-def\pdftex.d
ef
File: pdftex.def 2024/04/13 v1.2c Graphics/color driver for pdftex
))
\Gin@req@height=\dimen153
\Gin@req@width=\dimen154
)
(C:\Users\Shankar\AppData\Local\Programs\MiKTeX\tex/latex/pgf/systemlayer\pgfsy
s.sty
(C:\Users\Shankar\AppData\Local\Programs\MiKTeX\tex/generic/pgf/systemlayer\pgf
sys.code.tex
Package: pgfsys 2023-01-15 v3.1.10 (3.1.10)

(C:\Users\Shankar\AppData\Local\Programs\MiKTeX\tex/generic/pgf/utilities\pgfke
ys.code.tex
\pgfkeys@pathtoks=\toks30
\pgfkeys@temptoks=\toks31

(C:\Users\Shankar\AppData\Local\Programs\MiKTeX\tex/generic/pgf/utilities\pgfke
yslibraryfiltered.code.tex
\pgfkeys@tmptoks=\toks32
))
\pgf@x=\dimen155
\pgf@y=\dimen156
\pgf@xa=\dimen157
\pgf@ya=\dimen158
\pgf@xb=\dimen159
\pgf@yb=\dimen160
\pgf@xc=\dimen161
\pgf@yc=\dimen162
\pgf@xd=\dimen163
\pgf@yd=\dimen164
\w@pgf@writea=\write3
\r@pgf@reada=\read2
\c@pgf@counta=\count281
\c@pgf@countb=\count282
\c@pgf@countc=\count283
\c@pgf@countd=\count284
\t@pgf@toka=\toks33
\t@pgf@tokb=\toks34
\t@pgf@tokc=\toks35
\pgf@sys@id@count=\count285

(C:\Users\Shankar\AppData\Local\Programs\MiKTeX\tex/generic/pgf/systemlayer\pgf
.cfg
File: pgf.cfg 2023-01-15 v3.1.10 (3.1.10)
)
Driver file for pgf: pgfsys-pdftex.def

(C:\Users\Shankar\AppData\Local\Programs\MiKTeX\tex/generic/pgf/systemlayer\pgf
sys-pdftex.def
File: pgfsys-pdftex.def 2023-01-15 v3.1.10 (3.1.10)

(C:\Users\Shankar\AppData\Local\Programs\MiKTeX\tex/generic/pgf/systemlayer\pgf
sys-common-pdf.def
File: pgfsys-common-pdf.def 2023-01-15 v3.1.10 (3.1.10)
)))
(C:\Users\Shankar\AppData\Local\Programs\MiKTeX\tex/generic/pgf/systemlayer\pgf
syssoftpath.code.tex
File: pgfsyssoftpath.code.tex 2023-01-15 v3.1.10 (3.1.10)
\pgfsyssoftpath@smallbuffer@items=\count286
\pgfsyssoftpath@bigbuffer@items=\count287
)
(C:\Users\Shankar\AppData\Local\Programs\MiKTeX\tex/generic/pgf/systemlayer\pgf
sysprotocol.code.tex
File: pgfsysprotocol.code.tex 2023-01-15 v3.1.10 (3.1.10)
))
(C:\Users\Shankar\AppData\Local\Programs\MiKTeX\tex/latex/xcolor\xcolor.sty
Package: xcolor 2023/11/15 v3.01 LaTeX color extensions (UK)

(C:\Users\Shankar\AppData\Local\Programs\MiKTeX\tex/latex/graphics-cfg\color.cf
g
File: color.cfg 2016/01/02 v1.6 sample color configuration
)
Package xcolor Info: Driver file: pdftex.def on input line 274.

(C:\Users\Shankar\AppData\Local\Programs\MiKTeX\tex/latex/graphics\mathcolor.lt
x)
Package xcolor Info: Model `cmy' substituted by `cmy0' on input line 1350.
Package xcolor Info: Model `hsb' substituted by `rgb' on input line 1354.
Package xcolor Info: Model `RGB' extended on input line 1366.
Package xcolor Info: Model `HTML' substituted by `rgb' on input line 1368.
Package xcolor Info: Model `Hsb' substituted by `hsb' on input line 1369.
Package xcolor Info: Model `tHsb' substituted by `hsb' on input line 1370.
Package xcolor Info: Model `HSB' substituted by `hsb' on input line 1371.
Package xcolor Info: Model `Gray' substituted by `gray' on input line 1372.
Package xcolor Info: Model `wave' substituted by `hsb' on input line 1373.
)
(C:\Users\Shankar\AppData\Local\Programs\MiKTeX\tex/generic/pgf/basiclayer\pgfc
ore.code.tex
Package: pgfcore 2023-01-15 v3.1.10 (3.1.10)

(C:\Users\Shankar\AppData\Local\Programs\MiKTeX\tex/generic/pgf/math\pgfmath.co
de.tex
(C:\Users\Shankar\AppData\Local\Programs\MiKTeX\tex/generic/pgf/math\pgfmathuti
l.code.tex)
(C:\Users\Shankar\AppData\Local\Programs\MiKTeX\tex/generic/pgf/math\pgfmathpar
ser.code.tex
\pgfmath@dimen=\dimen165
\pgfmath@count=\count288
\pgfmath@box=\box55
\pgfmath@toks=\toks36
\pgfmath@stack@operand=\toks37
\pgfmath@stack@operation=\toks38
)
(C:\Users\Shankar\AppData\Local\Programs\MiKTeX\tex/generic/pgf/math\pgfmathfun
ctions.code.tex)
(C:\Users\Shankar\AppData\Local\Programs\MiKTeX\tex/generic/pgf/math\pgfmathfun
ctions.basic.code.tex)
(C:\Users\Shankar\AppData\Local\Programs\MiKTeX\tex/generic/pgf/math\pgfmathfun
ctions.trigonometric.code.tex)
(C:\Users\Shankar\AppData\Local\Programs\MiKTeX\tex/generic/pgf/math\pgfmathfun
ctions.random.code.tex)
(C:\Users\Shankar\AppData\Local\Programs\MiKTeX\tex/generic/pgf/math\pgfmathfun
ctions.comparison.code.tex)
(C:\Users\Shankar\AppData\Local\Programs\MiKTeX\tex/generic/pgf/math\pgfmathfun
ctions.base.code.tex)
(C:\Users\Shankar\AppData\Local\Programs\MiKTeX\tex/generic/pgf/math\pgfmathfun
ctions.round.code.tex)
(C:\Users\Shankar\AppData\Local\Programs\MiKTeX\tex/generic/pgf/math\pgfmathfun
ctions.misc.code.tex)
(C:\Users\Shankar\AppData\Local\Programs\MiKTeX\tex/generic/pgf/math\pgfmathfun
ctions.integerarithmetics.code.tex)
(C:\Users\Shankar\AppData\Local\Programs\MiKTeX\tex/generic/pgf/math\pgfmathcal
c.code.tex)
(C:\Users\Shankar\AppData\Local\Programs\MiKTeX\tex/generic/pgf/math\pgfmathflo
at.code.tex
\c@pgfmathroundto@lastzeros=\count289
))
(C:\Users\Shankar\AppData\Local\Programs\MiKTeX\tex/generic/pgf/math\pgfint.cod
e.tex)
(C:\Users\Shankar\AppData\Local\Programs\MiKTeX\tex/generic/pgf/basiclayer\pgfc
orepoints.code.tex
File: pgfcorepoints.code.tex 2023-01-15 v3.1.10 (3.1.10)
\pgf@picminx=\dimen166
\pgf@picmaxx=\dimen167
\pgf@picminy=\dimen168
\pgf@picmaxy=\dimen169
\pgf@pathminx=\dimen170
\pgf@pathmaxx=\dimen171
\pgf@pathminy=\dimen172
\pgf@pathmaxy=\dimen173
\pgf@xx=\dimen174
\pgf@xy=\dimen175
\pgf@yx=\dimen176
\pgf@yy=\dimen177
\pgf@zx=\dimen178
\pgf@zy=\dimen179
)
(C:\Users\Shankar\AppData\Local\Programs\MiKTeX\tex/generic/pgf/basiclayer\pgfc
orepathconstruct.code.tex
File: pgfcorepathconstruct.code.tex 2023-01-15 v3.1.10 (3.1.10)
\pgf@path@lastx=\dimen180
\pgf@path@lasty=\dimen181
)
(C:\Users\Shankar\AppData\Local\Programs\MiKTeX\tex/generic/pgf/basiclayer\pgfc
orepathusage.code.tex
File: pgfcorepathusage.code.tex 2023-01-15 v3.1.10 (3.1.10)
\pgf@shorten@end@additional=\dimen182
\pgf@shorten@start@additional=\dimen183
)
(C:\Users\Shankar\AppData\Local\Programs\MiKTeX\tex/generic/pgf/basiclayer\pgfc
orescopes.code.tex
File: pgfcorescopes.code.tex 2023-01-15 v3.1.10 (3.1.10)
\pgfpic=\box56
\pgf@hbox=\box57
\pgf@layerbox@main=\box58
\pgf@picture@serial@count=\count290
)
(C:\Users\Shankar\AppData\Local\Programs\MiKTeX\tex/generic/pgf/basiclayer\pgfc
oregraphicstate.code.tex
File: pgfcoregraphicstate.code.tex 2023-01-15 v3.1.10 (3.1.10)
\pgflinewidth=\dimen184
)
(C:\Users\Shankar\AppData\Local\Programs\MiKTeX\tex/generic/pgf/basiclayer\pgfc
oretransformations.code.tex
File: pgfcoretransformations.code.tex 2023-01-15 v3.1.10 (3.1.10)
\pgf@pt@x=\dimen185
\pgf@pt@y=\dimen186
\pgf@pt@temp=\dimen187
)
(C:\Users\Shankar\AppData\Local\Programs\MiKTeX\tex/generic/pgf/basiclayer\pgfc
orequick.code.tex
File: pgfcorequick.code.tex 2023-01-15 v3.1.10 (3.1.10)
)
(C:\Users\Shankar\AppData\Local\Programs\MiKTeX\tex/generic/pgf/basiclayer\pgfc
oreobjects.code.tex
File: pgfcoreobjects.code.tex 2023-01-15 v3.1.10 (3.1.10)
)
(C:\Users\Shankar\AppData\Local\Programs\MiKTeX\tex/generic/pgf/basiclayer\pgfc
orepathprocessing.code.tex
File: pgfcorepathprocessing.code.tex 2023-01-15 v3.1.10 (3.1.10)
)
(C:\Users\Shankar\AppData\Local\Programs\MiKTeX\tex/generic/pgf/basiclayer\pgfc
orearrows.code.tex
File: pgfcorearrows.code.tex 2023-01-15 v3.1.10 (3.1.10)
\pgfarrowsep=\dimen188
)
(C:\Users\Shankar\AppData\Local\Programs\MiKTeX\tex/generic/pgf/basiclayer\pgfc
oreshade.code.tex
File: pgfcoreshade.code.tex 2023-01-15 v3.1.10 (3.1.10)
\pgf@max=\dimen189
\pgf@sys@shading@range@num=\count291
\pgf@shadingcount=\count292
)
(C:\Users\Shankar\AppData\Local\Programs\MiKTeX\tex/generic/pgf/basiclayer\pgfc
oreimage.code.tex
File: pgfcoreimage.code.tex 2023-01-15 v3.1.10 (3.1.10)
)
(C:\Users\Shankar\AppData\Local\Programs\MiKTeX\tex/generic/pgf/basiclayer\pgfc
oreexternal.code.tex
File: pgfcoreexternal.code.tex 2023-01-15 v3.1.10 (3.1.10)
\pgfexternal@startupbox=\box59
)
(C:\Users\Shankar\AppData\Local\Programs\MiKTeX\tex/generic/pgf/basiclayer\pgfc
orelayers.code.tex
File: pgfcorelayers.code.tex 2023-01-15 v3.1.10 (3.1.10)
)
(C:\Users\Shankar\AppData\Local\Programs\MiKTeX\tex/generic/pgf/basiclayer\pgfc
oretransparency.code.tex
File: pgfcoretransparency.code.tex 2023-01-15 v3.1.10 (3.1.10)
)
(C:\Users\Shankar\AppData\Local\Programs\MiKTeX\tex/generic/pgf/basiclayer\pgfc
orepatterns.code.tex
File: pgfcorepatterns.code.tex 2023-01-15 v3.1.10 (3.1.10)
)
(C:\Users\Shankar\AppData\Local\Programs\MiKTeX\tex/generic/pgf/basiclayer\pgfc
orerdf.code.tex
File: pgfcorerdf.code.tex 2023-01-15 v3.1.10 (3.1.10)
)))
(C:\Users\Shankar\AppData\Local\Programs\MiKTeX\tex/generic/pgf/modules\pgfmodu
leshapes.code.tex
File: pgfmoduleshapes.code.tex 2023-01-15 v3.1.10 (3.1.10)
\pgfnodeparttextbox=\box60
)
(C:\Users\Shankar\AppData\Local\Programs\MiKTeX\tex/generic/pgf/modules\pgfmodu
leplot.code.tex
File: pgfmoduleplot.code.tex 2023-01-15 v3.1.10 (3.1.10)
)
(C:\Users\Shankar\AppData\Local\Programs\MiKTeX\tex/latex/pgf/compatibility\pgf
comp-version-0-65.sty
Package: pgfcomp-version-0-65 2023-01-15 v3.1.10 (3.1.10)
\pgf@nodesepstart=\dimen190
\pgf@nodesepend=\dimen191
)
(C:\Users\Shankar\AppData\Local\Programs\MiKTeX\tex/latex/pgf/compatibility\pgf
comp-version-1-18.sty
Package: pgfcomp-version-1-18 2023-01-15 v3.1.10 (3.1.10)
))
(C:\Users\Shankar\AppData\Local\Programs\MiKTeX\tex/latex/pgf/utilities\pgffor.
sty
(C:\Users\Shankar\AppData\Local\Programs\MiKTeX\tex/latex/pgf/utilities\pgfkeys
.sty
(C:\Users\Shankar\AppData\Local\Programs\MiKTeX\tex/generic/pgf/utilities\pgfke
ys.code.tex))
(C:\Users\Shankar\AppData\Local\Programs\MiKTeX\tex/latex/pgf/math\pgfmath.sty
(C:\Users\Shankar\AppData\Local\Programs\MiKTeX\tex/generic/pgf/math\pgfmath.co
de.tex))
(C:\Users\Shankar\AppData\Local\Programs\MiKTeX\tex/generic/pgf/utilities\pgffo
r.code.tex
Package: pgffor 2023-01-15 v3.1.10 (3.1.10)
\pgffor@iter=\dimen192
\pgffor@skip=\dimen193
\pgffor@stack=\toks39
\pgffor@toks=\toks40
))
(C:\Users\Shankar\AppData\Local\Programs\MiKTeX\tex/generic/pgf/frontendlayer/t
ikz\tikz.code.tex
Package: tikz 2023-01-15 v3.1.10 (3.1.10)

(C:\Users\Shankar\AppData\Local\Programs\MiKTeX\tex/generic/pgf/libraries\pgfli
braryplothandlers.code.tex
File: pgflibraryplothandlers.code.tex 2023-01-15 v3.1.10 (3.1.10)
\pgf@plot@mark@count=\count293
\pgfplotmarksize=\dimen194
)
\tikz@lastx=\dimen195
\tikz@lasty=\dimen196
\tikz@lastxsaved=\dimen197
\tikz@lastysaved=\dimen198
\tikz@lastmovetox=\dimen199
\tikz@lastmovetoy=\dimen256
\tikzleveldistance=\dimen257
\tikzsiblingdistance=\dimen258
\tikz@figbox=\box61
\tikz@figbox@bg=\box62
\tikz@tempbox=\box63
\tikz@tempbox@bg=\box64
\tikztreelevel=\count294
\tikznumberofchildren=\count295
\tikznumberofcurrentchild=\count296
\tikz@fig@count=\count297

(C:\Users\Shankar\AppData\Local\Programs\MiKTeX\tex/generic/pgf/modules\pgfmodu
lematrix.code.tex
File: pgfmodulematrix.code.tex 2023-01-15 v3.1.10 (3.1.10)
\pgfmatrixcurrentrow=\count298
\pgfmatrixcurrentcolumn=\count299
\pgf@matrix@numberofcolumns=\count300
)
\tikz@expandcount=\count301

(C:\Users\Shankar\AppData\Local\Programs\MiKTeX\tex/generic/pgf/frontendlayer/t
ikz/libraries\tikzlibrarytopaths.code.tex
File: tikzlibrarytopaths.code.tex 2023-01-15 v3.1.10 (3.1.10)
)))
(C:\Users\Shankar\AppData\Local\Programs\MiKTeX\tex/generic/pgf/frontendlayer/t
ikz/libraries\tikzlibrarypositioning.code.tex
File: tikzlibrarypositioning.code.tex 2023-01-15 v3.1.10 (3.1.10)
)
(C:\Users\Shankar\AppData\Local\Programs\MiKTeX\tex/generic/pgf/libraries\pgfli
braryarrows.meta.code.tex
File: pgflibraryarrows.meta.code.tex 2023-01-15 v3.1.10 (3.1.10)
\pgfarrowinset=\dimen259
\pgfarrowlength=\dimen260
\pgfarrowwidth=\dimen261
\pgfarrowlinewidth=\dimen262
)
(C:\Users\Shankar\AppData\Local\Programs\MiKTeX\tex/generic/pgf/frontendlayer/t
ikz/libraries\tikzlibraryshapes.geometric.code.tex
File: tikzlibraryshapes.geometric.code.tex 2023-01-15 v3.1.10 (3.1.10)

(C:\Users\Shankar\AppData\Local\Programs\MiKTeX\tex/generic/pgf/libraries/shape
s\pgflibraryshapes.geometric.code.tex
File: pgflibraryshapes.geometric.code.tex 2023-01-15 v3.1.10 (3.1.10)
))
(C:\Users\Shankar\AppData\Local\Programs\MiKTeX\tex/generic/pgf/frontendlayer/t
ikz/libraries\tikzlibrarycalc.code.tex
File: tikzlibrarycalc.code.tex 2023-01-15 v3.1.10 (3.1.10)
)
(C:\Users\Shankar\AppData\Local\Programs\MiKTeX\tex/latex/algorithms\algorithm.
sty
Package: algorithm 2009/08/24 v0.1 Document Style `algorithm' - floating enviro
nment
 (C:\Users\Shankar\AppData\Local\Programs\MiKTeX\tex/latex/float\float.sty
Package: float 2001/11/08 v1.3d Float enhancements (AL)
\c@float@type=\count302
\float@exts=\toks41
\float@box=\box65
\@float@everytoks=\toks42
\@floatcapt=\box66
)
(C:\Users\Shankar\AppData\Local\Programs\MiKTeX\tex/latex/base\ifthen.sty
Package: ifthen 2024/03/16 v1.1e Standard LaTeX ifthen package (DPC)
)
\@float@every@algorithm=\toks43
\c@algorithm=\count303
)
(C:\Users\Shankar\AppData\Local\Programs\MiKTeX\tex/latex/algorithmicx\algorith
micx.sty
Package: algorithmicx 2005/04/27 v1.2 Algorithmicx

Document Style algorithmicx 1.2 - a greatly improved `algorithmic' style
\c@ALG@line=\count304
\c@ALG@rem=\count305
\c@ALG@nested=\count306
\ALG@tlm=\skip57
\ALG@thistlm=\skip58
\c@ALG@Lnr=\count307
\c@ALG@blocknr=\count308
\c@ALG@storecount=\count309
\c@ALG@tmpcounter=\count310
\ALG@tmplength=\skip59
)
(C:\Users\Shankar\AppData\Local\Programs\MiKTeX\tex/latex/algorithmicx\algpseud
ocode.sty
Package: algpseudocode 

Document Style - pseudocode environments for use with the `algorithmicx' style
)
(C:\Users\Shankar\AppData\Local\Programs\MiKTeX\tex/latex/booktabs\booktabs.sty
Package: booktabs 2020/01/12 v1.61803398 Publication quality tables
\heavyrulewidth=\dimen263
\lightrulewidth=\dimen264
\cmidrulewidth=\dimen265
\belowrulesep=\dimen266
\belowbottomsep=\dimen267
\aboverulesep=\dimen268
\abovetopsep=\dimen269
\cmidrulesep=\dimen270
\cmidrulekern=\dimen271
\defaultaddspace=\dimen272
\@cmidla=\count311
\@cmidlb=\count312
\@aboverulesep=\dimen273
\@belowrulesep=\dimen274
\@thisruleclass=\count313
\@lastruleclass=\count314
\@thisrulewidth=\dimen275
)
(C:\Users\Shankar\AppData\Local\Programs\MiKTeX\tex/latex/multirow\multirow.sty
Package: multirow 2024/11/12 v2.9 Span multiple rows of a table
\multirow@colwidth=\skip60
\multirow@cntb=\count315
\multirow@dima=\skip61
\bigstrutjot=\dimen276
)
(C:\Users\Shankar\AppData\Local\Programs\MiKTeX\tex/latex/hyperref\hyperref.sty
Package: hyperref 2024-07-10 v7.01j Hypertext links for LaTeX
(C:\Users\Shankar\AppData\Local\Programs\MiKTeX\tex/generic/iftex\iftex.sty
Package: iftex 2022/02/03 v1.0f TeX engine tests
)
(C:\Users\Shankar\AppData\Local\Programs\MiKTeX\tex/latex/kvsetkeys\kvsetkeys.s
ty
Package: kvsetkeys 2022-10-05 v1.19 Key value parser (HO)
)
(C:\Users\Shankar\AppData\Local\Programs\MiKTeX\tex/generic/kvdefinekeys\kvdefi
nekeys.sty
Package: kvdefinekeys 2019-12-19 v1.6 Define keys (HO)
)
(C:\Users\Shankar\AppData\Local\Programs\MiKTeX\tex/generic/pdfescape\pdfescape
.sty
Package: pdfescape 2019/12/09 v1.15 Implements pdfTeX's escape features (HO)

(C:\Users\Shankar\AppData\Local\Programs\MiKTeX\tex/generic/ltxcmds\ltxcmds.sty
Package: ltxcmds 2023-12-04 v1.26 LaTeX kernel commands for general use (HO)
)
(C:\Users\Shankar\AppData\Local\Programs\MiKTeX\tex/generic/pdftexcmds\pdftexcm
ds.sty
Package: pdftexcmds 2020-06-27 v0.33 Utility functions of pdfTeX for LuaTeX (HO
)

(C:\Users\Shankar\AppData\Local\Programs\MiKTeX\tex/generic/infwarerr\infwarerr
.sty
Package: infwarerr 2019/12/03 v1.5 Providing info/warning/error messages (HO)
)
Package pdftexcmds Info: \pdf@primitive is available.
Package pdftexcmds Info: \pdf@ifprimitive is available.
Package pdftexcmds Info: \pdfdraftmode found.
))
(C:\Users\Shankar\AppData\Local\Programs\MiKTeX\tex/latex/hycolor\hycolor.sty
Package: hycolor 2020-01-27 v1.10 Color options for hyperref/bookmark (HO)
)
(C:\Users\Shankar\AppData\Local\Programs\MiKTeX\tex/latex/hyperref\nameref.sty
Package: nameref 2023-11-26 v2.56 Cross-referencing by name of section

(C:\Users\Shankar\AppData\Local\Programs\MiKTeX\tex/latex/refcount\refcount.sty
Package: refcount 2019/12/15 v3.6 Data extraction from label references (HO)
)
(C:\Users\Shankar\AppData\Local\Programs\MiKTeX\tex/generic/gettitlestring\gett
itlestring.sty
Package: gettitlestring 2019/12/15 v1.6 Cleanup title references (HO)

(C:\Users\Shankar\AppData\Local\Programs\MiKTeX\tex/latex/kvoptions\kvoptions.s
ty
Package: kvoptions 2022-06-15 v3.15 Key value format for package options (HO)
))
\c@section@level=\count316
)
(C:\Users\Shankar\AppData\Local\Programs\MiKTeX\tex/latex/etoolbox\etoolbox.sty
Package: etoolbox 2020/10/05 v2.5k e-TeX tools for LaTeX (JAW)
\etb@tempcnta=\count317
)
(C:\Users\Shankar\AppData\Local\Programs\MiKTeX\tex/generic/stringenc\stringenc
.sty
Package: stringenc 2019/11/29 v1.12 Convert strings between diff. encodings (HO
)
)
\@linkdim=\dimen277
\Hy@linkcounter=\count318
\Hy@pagecounter=\count319

(C:\Users\Shankar\AppData\Local\Programs\MiKTeX\tex/latex/hyperref\pd1enc.def
File: pd1enc.def 2024-07-10 v7.01j Hyperref: PDFDocEncoding definition (HO)
Now handling font encoding PD1 ...
... no UTF-8 mapping file for font encoding PD1
)
(C:\Users\Shankar\AppData\Local\Programs\MiKTeX\tex/generic/intcalc\intcalc.sty
Package: intcalc 2019/12/15 v1.3 Expandable calculations with integers (HO)
)
\Hy@SavedSpaceFactor=\count320
 (C:\Users\Shankar\AppData\Local\Programs\MiKTeX\tex/latex/hyperref\puenc.def
File: puenc.def 2024-07-10 v7.01j Hyperref: PDF Unicode definition (HO)
Now handling font encoding PU ...
... no UTF-8 mapping file for font encoding PU
)
Package hyperref Info: Hyper figures OFF on input line 4157.
Package hyperref Info: Link nesting OFF on input line 4162.
Package hyperref Info: Hyper index ON on input line 4165.
Package hyperref Info: Plain pages OFF on input line 4172.
Package hyperref Info: Backreferencing OFF on input line 4177.
Package hyperref Info: Implicit mode ON; LaTeX internals redefined.
Package hyperref Info: Bookmarks ON on input line 4424.
\c@Hy@tempcnt=\count321
(C:\Users\Shankar\AppData\Local\Programs\MiKTeX\tex/latex/url\url.sty
\Urlmuskip=\muskip18
Package: url 2013/09/16  ver 3.4  Verb mode for urls, etc.
)
LaTeX Info: Redefining \url on input line 4763.
\XeTeXLinkMargin=\dimen278

(C:\Users\Shankar\AppData\Local\Programs\MiKTeX\tex/generic/bitset\bitset.sty
Package: bitset 2019/12/09 v1.3 Handle bit-vector datatype (HO)

(C:\Users\Shankar\AppData\Local\Programs\MiKTeX\tex/generic/bigintcalc\bigintca
lc.sty
Package: bigintcalc 2019/12/15 v1.5 Expandable calculations on big integers (HO
)
))
\Fld@menulength=\count322
\Field@Width=\dimen279
\Fld@charsize=\dimen280
Package hyperref Info: Hyper figures OFF on input line 6042.
Package hyperref Info: Link nesting OFF on input line 6047.
Package hyperref Info: Hyper index ON on input line 6050.
Package hyperref Info: backreferencing OFF on input line 6057.
Package hyperref Info: Link coloring OFF on input line 6062.
Package hyperref Info: Link coloring with OCG OFF on input line 6067.
Package hyperref Info: PDF/A mode OFF on input line 6072.

(C:\Users\Shankar\AppData\Local\Programs\MiKTeX\tex/latex/base\atbegshi-ltx.sty
Package: atbegshi-ltx 2021/01/10 v1.0c Emulation of the original atbegshi
package with kernel methods
)
\Hy@abspage=\count323
\c@Item=\count324
\c@Hfootnote=\count325
)
Package hyperref Info: Driver (autodetected): hpdftex.

(C:\Users\Shankar\AppData\Local\Programs\MiKTeX\tex/latex/hyperref\hpdftex.def
File: hpdftex.def 2024-07-10 v7.01j Hyperref driver for pdfTeX

(C:\Users\Shankar\AppData\Local\Programs\MiKTeX\tex/latex/base\atveryend-ltx.st
y
Package: atveryend-ltx 2020/08/19 v1.0a Emulation of the original atveryend pac
kage
with kernel methods
)
\Fld@listcount=\count326
\c@bookmark@seq@number=\count327

(C:\Users\Shankar\AppData\Local\Programs\MiKTeX\tex/latex/rerunfilecheck\rerunf
ilecheck.sty
Package: rerunfilecheck 2022-07-10 v1.10 Rerun checks for auxiliary files (HO)

(C:\Users\Shankar\AppData\Local\Programs\MiKTeX\tex/generic/uniquecounter\uniqu
ecounter.sty
Package: uniquecounter 2019/12/15 v1.4 Provide unlimited unique counter (HO)
)
Package uniquecounter Info: New unique counter `rerunfilecheck' on input line 2
85.
)
\Hy@SectionHShift=\skip62
)
\c@theorem=\count328

(C:\Users\Shankar\AppData\Local\Programs\MiKTeX\tex/latex/l3backend\l3backend-p
dftex.def
File: l3backend-pdftex.def 2024-05-08 L3 backend support: PDF output (pdfTeX)
\l__color_backend_stack_int=\count329
\l__pdf_internal_box=\box67
) (shankar-draft-new.aux)
\openout1 = `shankar-draft-new.aux'.

LaTeX Font Info:    Checking defaults for OML/cmm/m/it on input line 24.
LaTeX Font Info:    ... okay on input line 24.
LaTeX Font Info:    Checking defaults for OMS/cmsy/m/n on input line 24.
LaTeX Font Info:    ... okay on input line 24.
LaTeX Font Info:    Checking defaults for OT1/cmr/m/n on input line 24.
LaTeX Font Info:    ... okay on input line 24.
LaTeX Font Info:    Checking defaults for T1/cmr/m/n on input line 24.
LaTeX Font Info:    ... okay on input line 24.
LaTeX Font Info:    Checking defaults for TS1/cmr/m/n on input line 24.
LaTeX Font Info:    ... okay on input line 24.
LaTeX Font Info:    Checking defaults for OMX/cmex/m/n on input line 24.
LaTeX Font Info:    ... okay on input line 24.
LaTeX Font Info:    Checking defaults for U/cmr/m/n on input line 24.
LaTeX Font Info:    ... okay on input line 24.
LaTeX Font Info:    Checking defaults for PD1/pdf/m/n on input line 24.
LaTeX Font Info:    ... okay on input line 24.
LaTeX Font Info:    Checking defaults for PU/pdf/m/n on input line 24.
LaTeX Font Info:    ... okay on input line 24.

(C:\Users\Shankar\AppData\Local\Programs\MiKTeX\tex/context/base/mkii\supp-pdf.
mkii
[Loading MPS to PDF converter (version 2006.09.02).]
\scratchcounter=\count330
\scratchdimen=\dimen281
\scratchbox=\box68
\nofMPsegments=\count331
\nofMParguments=\count332
\everyMPshowfont=\toks44
\MPscratchCnt=\count333
\MPscratchDim=\dimen282
\MPnumerator=\count334
\makeMPintoPDFobject=\count335
\everyMPtoPDFconversion=\toks45
)
(C:\Users\Shankar\AppData\Local\Programs\MiKTeX\tex/latex/epstopdf-pkg\epstopdf
-base.sty
Package: epstopdf-base 2020-01-24 v2.11 Base part for package epstopdf
Package epstopdf-base Info: Redefining graphics rule for `.eps' on input line 4
85.

(C:\Users\Shankar\AppData\Local\Programs\MiKTeX\tex/latex/00miktex\epstopdf-sys
.cfg
File: epstopdf-sys.cfg 2021/03/18 v2.0 Configuration of epstopdf for MiKTeX
))
Package hyperref Info: Link coloring OFF on input line 24.
 (shankar-draft-new.out) (shankar-draft-new.out)
\@outlinefile=\write4
\openout4 = `shankar-draft-new.out'.


Chapter 1.

LaTeX Warning: Citation `Tang1988' on page 1 undefined on input line 30.


LaTeX Warning: Citation `Crama1994' on page 1 undefined on input line 30.


LaTeX Warning: Citation `Crama1994' on page 1 undefined on input line 32.


LaTeX Warning: Citation `Tang1988' on page 1 undefined on input line 32.

LaTeX Font Info:    Trying to load font information for U+msa on input line 36.

(C:\Users\Shankar\AppData\Local\Programs\MiKTeX\tex/latex/amsfonts\umsa.fd
File: umsa.fd 2013/01/14 v3.01 AMS symbols A
)
LaTeX Font Info:    Trying to load font information for U+msb on input line 36.


(C:\Users\Shankar\AppData\Local\Programs\MiKTeX\tex/latex/amsfonts\umsb.fd
File: umsb.fd 2013/01/14 v3.01 AMS symbols B
)
Overfull \hbox (3.6552pt too wide) in paragraph at lines 36--37
\OT1/cmr/m/n/10.95 Let $\OML/cmm/m/it/10.95 J \OT1/cmr/m/n/10.95 = \OMS/cmsy/m/
n/10.95 f\OT1/cmr/m/n/10.95 1\OML/cmm/m/it/10.95 ; \OT1/cmr/m/n/10.95 2\OML/cmm
/m/it/10.95 ; [] ; n\OMS/cmsy/m/n/10.95 g$ \OT1/cmr/m/n/10.95 de-note the set o
f re-quired jobs, and let $\OML/cmm/m/it/10.95 T \OT1/cmr/m/n/10.95 = \OMS/cmsy
/m/n/10.95 f\OT1/cmr/m/n/10.95 1\OML/cmm/m/it/10.95 ; \OT1/cmr/m/n/10.95 2\OML/
cmm/m/it/10.95 ; [] ; m\OMS/cmsy/m/n/10.95 g$
 []


Underfull \vbox (badness 10000) has occurred while \output is active []



[1


{C:/Users/Shankar/AppData/Local/MiKTeX/fonts/map/pdftex/pdftex.map}]


Overfull \hbox (112.87222pt too wide) has occurred while \output is active
\OT1/cmr/m/n/10.95 2 \OT1/cmr/m/sl/10.95 CHAPTER 1.  COMBINATORIAL FOUNDATIONS 
AND THE TANG-DENARDO PARADIGM
 []

[2]

[3]
Overfull \hbox (1.28143pt too wide) in paragraph at lines 97--98
[]\OT1/cmr/m/n/10.95 By it-er-a-tively ap-ply-ing this greedy padding logic acr
oss all $\OML/cmm/m/it/10.95 k \OMS/cmsy/m/n/10.95 2 f\OT1/cmr/m/n/10.95 1\OML/
cmm/m/it/10.95 ; [] ; n\OMS/cmsy/m/n/10.95 g$\OT1/cmr/m/n/10.95 ,
 []


LaTeX Warning: Citation `Tang1988' on page 4 undefined on input line 104.


LaTeX Warning: Citation `Tang1988' on page 4 undefined on input line 108.




Overfull \hbox (112.87222pt too wide) has occurred while \output is active
\OT1/cmr/m/n/10.95 4 \OT1/cmr/m/sl/10.95 CHAPTER 1.  COMBINATORIAL FOUNDATIONS 
AND THE TANG-DENARDO PARADIGM
 []

[4]

LaTeX Warning: Citation `Tang1988' on page 5 undefined on input line 131.



[5]


Overfull \hbox (112.87222pt too wide) has occurred while \output is active
\OT1/cmr/m/n/10.95 6 \OT1/cmr/m/sl/10.95 CHAPTER 1.  COMBINATORIAL FOUNDATIONS 
AND THE TANG-DENARDO PARADIGM
 []

[6]
Overfull \hbox (0.95209pt too wide) in paragraph at lines 168--169
[]\OT1/cmr/m/n/10.95 Operationally, a 0-block rep-re-sents an idle tem-po-ral i
n-ter-val dur-ing which
 []


LaTeX Warning: Citation `Crama1994' on page 7 undefined on input line 172.


LaTeX Warning: Citation `Tang1988' on page 7 undefined on input line 172.


LaTeX Warning: Citation `Tang1988' on page 7 undefined on input line 177.




Overfull \hbox (99.63623pt too wide) has occurred while \output is active
\OT1/cmr/m/sl/10.95 1.3.  INTERVAL MATRICES AND THE KEEP TOOL NEEDED SOONEST (K
TNS) POLICY \OT1/cmr/m/n/10.95 7
 []

[7]
Package hyperref Info: bookmark level for unknown algorithm defaults to 0 on in
put line 188.



Overfull \hbox (112.87222pt too wide) has occurred while \output is active
\OT1/cmr/m/n/10.95 8 \OT1/cmr/m/sl/10.95 CHAPTER 1.  COMBINATORIAL FOUNDATIONS 
AND THE TANG-DENARDO PARADIGM
 []

[8]


Overfull \hbox (99.63623pt too wide) has occurred while \output is active
\OT1/cmr/m/sl/10.95 1.3.  INTERVAL MATRICES AND THE KEEP TOOL NEEDED SOONEST (K
TNS) POLICY \OT1/cmr/m/n/10.95 9
 []

[9]
Overfull \hbox (107.3882pt too wide) in paragraph at lines 337--338
 [][] 
 []




Overfull \hbox (118.34723pt too wide) has occurred while \output is active
\OT1/cmr/m/n/10.95 10 \OT1/cmr/m/sl/10.95 CHAPTER 1.  COMBINATORIAL FOUNDATIONS
 AND THE TANG-DENARDO PARADIGM
 []

[10]


Overfull \hbox (105.11124pt too wide) has occurred while \output is active
\OT1/cmr/m/sl/10.95 1.3.  INTERVAL MATRICES AND THE KEEP TOOL NEEDED SOONEST (K
TNS) POLICY \OT1/cmr/m/n/10.95 11
 []

[11]


Overfull \hbox (118.34723pt too wide) has occurred while \output is active
\OT1/cmr/m/n/10.95 12 \OT1/cmr/m/sl/10.95 CHAPTER 1.  COMBINATORIAL FOUNDATIONS
 AND THE TANG-DENARDO PARADIGM
 []

[12

]
Chapter 2.

LaTeX Warning: Citation `Tang1988' on page 13 undefined on input line 356.



[13]


Overfull \hbox (91.88472pt too wide) has occurred while \output is active
\OT1/cmr/m/n/10.95 14 \OT1/cmr/m/sl/10.95 CHAPTER 2.  SEQUENCE-BASED FORMULATIO
NS AND THE SYMMETRY MENACE
 []

[14]

LaTeX Warning: Citation `Laporte2004' on page 15 undefined on input line 386.


Underfull \vbox (badness 10000) has occurred while \output is active []



[15]
Overfull \hbox (8.29858pt too wide) in paragraph at lines 414--414
[]\OT1/cmr/bx/n/12 Objective Lift-ing and Poly-he-dral Strength-en-ing In-equal
-
 []


LaTeX Warning: Citation `Laporte2004' on page 16 undefined on input line 416.




Overfull \hbox (91.88472pt too wide) has occurred while \output is active
\OT1/cmr/m/n/10.95 16 \OT1/cmr/m/sl/10.95 CHAPTER 2.  SEQUENCE-BASED FORMULATIO
NS AND THE SYMMETRY MENACE
 []

[16]
Overfull \hbox (1.614pt too wide) in paragraph at lines 423--425
\OT1/cmr/m/n/10.95 This in-equal-ity acts as a lifted ob-jec-tive bound. It pro
-vides a strict, sequence-
 []



[17]

LaTeX Warning: Citation `Catanzaro2015' on page 18 undefined on input line 440.





Overfull \hbox (91.88472pt too wide) has occurred while \output is active
\OT1/cmr/m/n/10.95 18 \OT1/cmr/m/sl/10.95 CHAPTER 2.  SEQUENCE-BASED FORMULATIO
NS AND THE SYMMETRY MENACE
 []

[18]

LaTeX Warning: Citation `Catanzaro2015' on page 19 undefined on input line 464.




[19]


Overfull \hbox (91.88472pt too wide) has occurred while \output is active
\OT1/cmr/m/n/10.95 20 \OT1/cmr/m/sl/10.95 CHAPTER 2.  SEQUENCE-BASED FORMULATIO
NS AND THE SYMMETRY MENACE
 []

[20]

LaTeX Warning: Citation `Laporte2004' on page 21 undefined on input line 500.


LaTeX Warning: Citation `Catanzaro2015' on page 21 undefined on input line 500.





Overfull \hbox (1.08972pt too wide) has occurred while \output is active
\OT1/cmr/m/sl/10.95 2.3.  MATHEMATICAL PROOF OF SYMMETRY AND LP COLLAPSE \OT1/c
mr/m/n/10.95 21
 []

[21]


Overfull \hbox (91.88472pt too wide) has occurred while \output is active
\OT1/cmr/m/n/10.95 22 \OT1/cmr/m/sl/10.95 CHAPTER 2.  SEQUENCE-BASED FORMULATIO
NS AND THE SYMMETRY MENACE
 []

[22]


Overfull \hbox (1.08972pt too wide) has occurred while \output is active
\OT1/cmr/m/sl/10.95 2.3.  MATHEMATICAL PROOF OF SYMMETRY AND LP COLLAPSE \OT1/c
mr/m/n/10.95 23
 []

[23]


Overfull \hbox (91.88472pt too wide) has occurred while \output is active
\OT1/cmr/m/n/10.95 24 \OT1/cmr/m/sl/10.95 CHAPTER 2.  SEQUENCE-BASED FORMULATIO
NS AND THE SYMMETRY MENACE
 []

[24]

LaTeX Warning: Citation `Catanzaro2015' on page 25 undefined on input line 594.



LaTeX Warning: Citation `Laporte2004' on page 25 undefined on input line 594.




Overfull \hbox (1.08972pt too wide) has occurred while \output is active
\OT1/cmr/m/sl/10.95 2.3.  MATHEMATICAL PROOF OF SYMMETRY AND LP COLLAPSE \OT1/c
mr/m/n/10.95 25
 []

[25]


Overfull \hbox (91.88472pt too wide) has occurred while \output is active
\OT1/cmr/m/n/10.95 26 \OT1/cmr/m/sl/10.95 CHAPTER 2.  SEQUENCE-BASED FORMULATIO
NS AND THE SYMMETRY MENACE
 []

[26]
Chapter 3.


[27

]

LaTeX Warning: Citation `Colares2026' on page 28 undefined on input line 632.


LaTeX Warning: Citation `Colares2026' on page 28 undefined on input line 633.




Overfull \hbox (103.14012pt too wide) has occurred while \output is active
\OT1/cmr/m/n/10.95 28 \OT1/cmr/m/sl/10.95 CHAPTER 3.  TOPOLOGICAL SHIFTS: THE N
ON-COMPACT CONFIGURATION SPACE
 []

[28]

LaTeX Warning: Citation `Colares2026' on page 29 undefined on input line 635.


LaTeX Warning: Citation `Colares2026' on page 29 undefined on input line 637.


LaTeX Warning: Citation `Colares2026' on page 29 undefined on input line 638.


LaTeX Warning: Citation `Colares2026' on page 29 undefined on input line 639.


LaTeX Warning: Citation `Colares2026' on page 29 undefined on input line 641.


LaTeX Warning: Citation `Colares2026' on page 29 undefined on input line 642.


LaTeX Warning: Citation `Colares2026' on page 29 undefined on input line 652.


LaTeX Warning: Citation `Colares2026' on page 29 undefined on input line 653.


LaTeX Warning: Citation `Colares2026' on page 29 undefined on input line 663.



[29]

LaTeX Warning: Citation `Colares2026' on page 30 undefined on input line 683.


LaTeX Warning: Citation `Colares2026' on page 30 undefined on input line 688.


LaTeX Warning: Citation `Colares2026' on page 30 undefined on input line 694.




Overfull \hbox (103.14012pt too wide) has occurred while \output is active
\OT1/cmr/m/n/10.95 30 \OT1/cmr/m/sl/10.95 CHAPTER 3.  TOPOLOGICAL SHIFTS: THE N
ON-COMPACT CONFIGURATION SPACE
 []

[30]

LaTeX Warning: Citation `Colares2026' on page 31 undefined on input line 701.


LaTeX Warning: Citation `Colares2026' on page 31 undefined on input line 703.


LaTeX Warning: Citation `Colares2026' on page 31 undefined on input line 722.




Overfull \hbox (64.1295pt too wide) has occurred while \output is active
\OT1/cmr/m/sl/10.95 3.3.  THE NON-COMPACT INTEGER LINEAR PROGRAMMING FORMULATIO
N \OT1/cmr/m/n/10.95 31
 []

[31]

LaTeX Warning: Citation `Colares2026' on page 32 undefined on input line 725.


Overfull \hbox (6.36665pt too wide) in paragraph at lines 728--728
[]\OT1/cmr/bx/n/12 Generalized Sub-tour Elim-i-na-tion and Over-lap-ping Clus-
 []


LaTeX Warning: Citation `Colares2026' on page 32 undefined on input line 730.


LaTeX Warning: Citation `Colares2026' on page 32 undefined on input line 732.


LaTeX Warning: Citation `Colares2026' on page 32 undefined on input line 738.


LaTeX Warning: Citation `Pop2024' on page 32 undefined on input line 739.


LaTeX Warning: Citation `Colares2026' on page 32 undefined on input line 740.


LaTeX Warning: Citation `Colares2026' on page 32 undefined on input line 742.


LaTeX Warning: Citation `Colares2026' on page 32 undefined on input line 743.


LaTeX Warning: Citation `Colares2026' on page 32 undefined on input line 744.


LaTeX Warning: Citation `Colares2026' on page 32 undefined on input line 745.


LaTeX Warning: Citation `Colares2026' on page 32 undefined on input line 746.




Overfull \hbox (103.14012pt too wide) has occurred while \output is active
\OT1/cmr/m/n/10.95 32 \OT1/cmr/m/sl/10.95 CHAPTER 3.  TOPOLOGICAL SHIFTS: THE N
ON-COMPACT CONFIGURATION SPACE
 []

[32]


Overfull \hbox (64.1295pt too wide) has occurred while \output is active
\OT1/cmr/m/sl/10.95 3.3.  THE NON-COMPACT INTEGER LINEAR PROGRAMMING FORMULATIO
N \OT1/cmr/m/n/10.95 33
 []

[33]


Overfull \hbox (103.14012pt too wide) has occurred while \output is active
\OT1/cmr/m/n/10.95 34 \OT1/cmr/m/sl/10.95 CHAPTER 3.  TOPOLOGICAL SHIFTS: THE N
ON-COMPACT CONFIGURATION SPACE
 []

[34

]
Chapter 4.


[35]
Overfull \hbox (19.40273pt too wide) in paragraph at lines 767--769
\OT1/cmr/m/n/10.95 lence to the GTSP, we ap-ply an adap-ta-tion of the Intersec
ting-to-Nonintersecting
 []


Overfull \hbox (35.47804pt too wide) in paragraph at lines 770--771
[]\OT1/cmr/m/n/10.95 Let the orig-i-nal U-SSP in-stance be de-fined by the tu-p
le $\OMS/cmsy/m/n/10.95 I[] \OT1/cmr/m/n/10.95 = \OMS/cmsy/m/n/10.95 h\OML/cmm/
m/it/10.95 J; T; b; \OMS/cmsy/m/n/10.95 f\OML/cmm/m/it/10.95 T[]\OMS/cmsy/m/n/1
0.95 g[]i$\OT1/cmr/m/n/10.95 .
 []




Overfull \hbox (113.32852pt too wide) has occurred while \output is active
\OT1/cmr/m/n/10.95 36 \OT1/cmr/m/sl/10.95 CHAPTER 4.  STRUCTURAL EQUIVALENCES T
O GENERALIZED ROUTING PROBLEMS
 []

[36]

LaTeX Warning: Citation `Lien1993' on page 37 undefined on input line 852.



[37]
Overfull \hbox (3.23293pt too wide) in paragraph at lines 875--875
[]\OT1/cmr/bx/n/14.4 Topological Thresh-olds: The Dis-joint-ness Con-
 []




Overfull \hbox (113.32852pt too wide) has occurred while \output is active
\OT1/cmr/m/n/10.95 38 \OT1/cmr/m/sl/10.95 CHAPTER 4.  STRUCTURAL EQUIVALENCES T
O GENERALIZED ROUTING PROBLEMS
 []

[38]


Overfull \hbox (16.22571pt too wide) has occurred while \output is active
\OT1/cmr/m/sl/10.95 4.2.  TOPOLOGICAL THRESHOLDS: THE DISJOINTNESS CONDITION \O
T1/cmr/m/n/10.95 39
 []

[39]
Overfull \hbox (16.73799pt too wide) in paragraph at lines 943--943
[]\OT1/cmr/bx/n/14.4 Reverse Equiv-a-lence Map-ping (Re-stricted GTSP
 []




Overfull \hbox (113.32852pt too wide) has occurred while \output is active
\OT1/cmr/m/n/10.95 40 \OT1/cmr/m/sl/10.95 CHAPTER 4.  STRUCTURAL EQUIVALENCES T
O GENERALIZED ROUTING PROBLEMS
 []

[40]


Overfull \hbox (25.11888pt too wide) has occurred while \output is active
\OT1/cmr/m/sl/10.95 4.3.  REVERSE EQUIVALENCE MAPPING (RESTRICTED GTSP TO SSP) 
\OT1/cmr/m/n/10.95 41
 []

[41]


Overfull \hbox (113.32852pt too wide) has occurred while \output is active
\OT1/cmr/m/n/10.95 42 \OT1/cmr/m/sl/10.95 CHAPTER 4.  STRUCTURAL EQUIVALENCES T
O GENERALIZED ROUTING PROBLEMS
 []

[42]
Overfull \hbox (1.29634pt too wide) in paragraph at lines 1008--1010
[]\OT1/cmr/m/n/10.95 By struc-turally prov-ing that $\OML/cmm/m/it/10.95 d\OT1/
cmr/m/n/10.95 (\OML/cmm/m/it/10.95 C[]; C[]\OT1/cmr/m/n/10.95 )$ acts as a lowe
r bound to $\OML/cmm/m/it/10.95 d\OT1/cmr/m/n/10.95 (\OML/cmm/m/it/10.95 C[]; C
[]\OT1/cmr/m/n/10.95 )$,
 []


Overfull \hbox (62.55183pt too wide) in paragraph at lines 1046--1047
 [][] 
 []


Underfull \vbox (badness 4013) has occurred while \output is active []




Overfull \hbox (25.11888pt too wide) has occurred while \output is active
\OT1/cmr/m/sl/10.95 4.3.  REVERSE EQUIVALENCE MAPPING (RESTRICTED GTSP TO SSP) 
\OT1/cmr/m/n/10.95 43
 []

[43]


Overfull \hbox (113.32852pt too wide) has occurred while \output is active
\OT1/cmr/m/n/10.95 44 \OT1/cmr/m/sl/10.95 CHAPTER 4.  STRUCTURAL EQUIVALENCES T
O GENERALIZED ROUTING PROBLEMS
 []

[44]
Chapter 5.


[45

]

Package hyperref Warning: Token not allowed in a PDF string (Unicode):
(hyperref)                removing `math shift' on input line 1089.


Package hyperref Warning: Token not allowed in a PDF string (Unicode):
(hyperref)                removing `\alpha' on input line 1089.


Package hyperref Warning: Token not allowed in a PDF string (Unicode):
(hyperref)                removing `math shift' on input line 1089.




Overfull \hbox (55.61282pt too wide) has occurred while \output is active
\OT1/cmr/m/n/10.95 46 \OT1/cmr/m/sl/10.95 CHAPTER 5.  DISCRETE BATCHING VS. CON
TINUOUS ROUTING (THE JGP)
 []

[46]
Overfull \hbox (5.70152pt too wide) in paragraph at lines 1124--1125
[][]\OT1/cmr/bx/n/10.95 Theorem 5.2 \OT1/cmr/m/n/10.95 (The Con-tin-u-ous Lower
 Bound)\OT1/cmr/bx/n/10.95 . []\OT1/cmr/m/it/10.95 For any uni-form Tool Switch
-
 []



[47]


Overfull \hbox (55.61282pt too wide) has occurred while \output is active
\OT1/cmr/m/n/10.95 48 \OT1/cmr/m/sl/10.95 CHAPTER 5.  DISCRETE BATCHING VS. CON
TINUOUS ROUTING (THE JGP)
 []

[48]
Overfull \hbox (1.13454pt too wide) in paragraph at lines 1164--1165
[]\OT1/cmr/m/n/10.95 Consequently, in en-vi-ron-ments char-ac-ter-ized by highl
y over-lap-ping, cycli-
 []


Overfull \hbox (53.36476pt too wide) in paragraph at lines 1226--1227
 [][] 
 []


Underfull \vbox (badness 10000) has occurred while \output is active []



[49]
Overfull \hbox (0.96132pt too wide) in paragraph at lines 1232--1232
[]\OT1/cmr/bx/n/14.4 Heuristic Bridges: Break-ing Batch Bound-aries 
 []




Overfull \hbox (55.61282pt too wide) has occurred while \output is active
\OT1/cmr/m/n/10.95 50 \OT1/cmr/m/sl/10.95 CHAPTER 5.  DISCRETE BATCHING VS. CON
TINUOUS ROUTING (THE JGP)
 []

[50]

[51]


Overfull \hbox (55.61282pt too wide) has occurred while \output is active
\OT1/cmr/m/n/10.95 52 \OT1/cmr/m/sl/10.95 CHAPTER 5.  DISCRETE BATCHING VS. CON
TINUOUS ROUTING (THE JGP)
 []

[52]
Chapter 6.

Overfull \hbox (7.01942pt too wide) in paragraph at lines 1282--1282
[]\OT1/cmr/bx/n/12 Tool-Dependent Dy-nam-ics and the Break-down of KTNS 
 []


Underfull \vbox (badness 2913) has occurred while \output is active []



[53

]


Overfull \hbox (83.97641pt too wide) has occurred while \output is active
\OT1/cmr/m/n/10.95 54 \OT1/cmr/m/sl/10.95 CHAPTER 6.  NON-UNIFORM SETUP COSTS A
ND TOOL-DEPENDENT DYNAMICS
 []

[54]

[55]


Overfull \hbox (83.97641pt too wide) has occurred while \output is active
\OT1/cmr/m/n/10.95 56 \OT1/cmr/m/sl/10.95 CHAPTER 6.  NON-UNIFORM SETUP COSTS A
ND TOOL-DEPENDENT DYNAMICS
 []

[56]
Chapter 7.


[57

]
Overfull \hbox (51.24065pt too wide) detected at line 1394
[]
 []



[58]
Overfull \hbox (0.2829pt too wide) in paragraph at lines 1416--1417
[]\OT1/cmr/m/n/10.95 Instead, the frame-work uti-lizes the Ryan-Foster branch-i
ng logic, uniquely
 []


Underfull \vbox (badness 1342) has occurred while \output is active []



[59]
Underfull \vbox (badness 1968) has occurred while \output is active []



[60]

[61]

[62]

[63]

[64]
Chapter 8.


[65

]
Overfull \hbox (19.04628pt too wide) in paragraph at lines 1559--1559
[]\OT1/cmr/bx/n/14.4 Hypergraph Neu-ral Net-works for H-SUKP Prun-
 []




Overfull \hbox (78.50375pt too wide) has occurred while \output is active
\OT1/cmr/m/n/10.95 66 \OT1/cmr/m/sl/10.95 CHAPTER 8.  NEURAL-AUGMENTED COLUMN G
ENERATION ARCHITECTURES
 []

[66]

[67]
Overfull \hbox (24.04626pt too wide) in paragraph at lines 1600--1600
[]\OT1/cmr/bx/n/14.4 Regression Bound-ing and Ex-per-i-men-tal Roadmap 
 []




Overfull \hbox (78.50375pt too wide) has occurred while \output is active
\OT1/cmr/m/n/10.95 68 \OT1/cmr/m/sl/10.95 CHAPTER 8.  NEURAL-AUGMENTED COLUMN G
ENERATION ARCHITECTURES
 []

[68]

[69]


Overfull \hbox (78.50375pt too wide) has occurred while \output is active
\OT1/cmr/m/n/10.95 70 \OT1/cmr/m/sl/10.95 CHAPTER 8.  NEURAL-AUGMENTED COLUMN G
ENERATION ARCHITECTURES
 []

[70] (shankar-draft-new.aux)
 ***********
LaTeX2e <2024-06-01> patch level 2
L3 programming layer <2024-07-20>
 ***********


LaTeX Warning: There were undefined references.

Package rerunfilecheck Info: File `shankar-draft-new.out' has not changed.
(rerunfilecheck)             Checksum: 20F90A966AF48E8A21079C5CE5A8E96F;25102.
 ) 
Here is how much of TeX's memory you used:
 22829 strings out of 473899
 428530 string characters out of 5725556
 1953960 words of memory out of 5000000
 45014 multiletter control sequences out of 15000+600000
 575599 words of font info for 100 fonts, out of 8000000 for 9000
 1141 hyphenation exceptions out of 8191
 102i,10n,107p,944b,926s stack positions out of 10000i,1000n,20000p,200000b,200000s
 <C:\Users\Shankar\AppData\Local\MiKTeX\fonts/pk/ljfour/jknappen/ec/dpi600\tc
rm1095.pk><C:/Users/Shankar/AppData/Local/Programs/MiKTeX/fonts/type1/public/am
sfonts/cm/cmbx10.pfb><C:/Users/Shankar/AppData/Local/Programs/MiKTeX/fonts/type
1/public/amsfonts/cm/cmbx12.pfb><C:/Users/Shankar/AppData/Local/Programs/MiKTeX
/fonts/type1/public/amsfonts/cm/cmbx7.pfb><C:/Users/Shankar/AppData/Local/Progr
ams/MiKTeX/fonts/type1/public/amsfonts/cm/cmbxti10.pfb><C:/Users/Shankar/AppDat
a/Local/Programs/MiKTeX/fonts/type1/public/amsfonts/cm/cmex10.pfb><C:/Users/Sha
nkar/AppData/Local/Programs/MiKTeX/fonts/type1/public/amsfonts/cm/cmmi10.pfb><C
:/Users/Shankar/AppData/Local/Programs/MiKTeX/fonts/type1/public/amsfonts/cm/cm
mi12.pfb><C:/Users/Shankar/AppData/Local/Programs/MiKTeX/fonts/type1/public/ams
fonts/cm/cmmi5.pfb><C:/Users/Shankar/AppData/Local/Programs/MiKTeX/fonts/type1/
public/amsfonts/cm/cmmi6.pfb><C:/Users/Shankar/AppData/Local/Programs/MiKTeX/fo
nts/type1/public/amsfonts/cm/cmmi7.pfb><C:/Users/Shankar/AppData/Local/Programs
/MiKTeX/fonts/type1/public/amsfonts/cm/cmmi8.pfb><C:/Users/Shankar/AppData/Loca
l/Programs/MiKTeX/fonts/type1/public/amsfonts/cm/cmmi9.pfb><C:/Users/Shankar/Ap
pData/Local/Programs/MiKTeX/fonts/type1/public/amsfonts/cm/cmr10.pfb><C:/Users/
Shankar/AppData/Local/Programs/MiKTeX/fonts/type1/public/amsfonts/cm/cmr6.pfb><
C:/Users/Shankar/AppData/Local/Programs/MiKTeX/fonts/type1/public/amsfonts/cm/c
mr7.pfb><C:/Users/Shankar/AppData/Local/Programs/MiKTeX/fonts/type1/public/amsf
onts/cm/cmr8.pfb><C:/Users/Shankar/AppData/Local/Programs/MiKTeX/fonts/type1/pu
blic/amsfonts/cm/cmr9.pfb><C:/Users/Shankar/AppData/Local/Programs/MiKTeX/fonts
/type1/public/amsfonts/cm/cmsl10.pfb><C:/Users/Shankar/AppData/Local/Programs/M
iKTeX/fonts/type1/public/amsfonts/cm/cmss10.pfb><C:/Users/Shankar/AppData/Local
/Programs/MiKTeX/fonts/type1/public/amsfonts/cm/cmss8.pfb><C:/Users/Shankar/App
Data/Local/Programs/MiKTeX/fonts/type1/public/amsfonts/cm/cmss9.pfb><C:/Users/S
hankar/AppData/Local/Programs/MiKTeX/fonts/type1/public/amsfonts/cm/cmssbx10.pf
b><C:/Users/Shankar/AppData/Local/Programs/MiKTeX/fonts/type1/public/amsfonts/c
m/cmsy10.pfb><C:/Users/Shankar/AppData/Local/Programs/MiKTeX/fonts/type1/public
/amsfonts/cm/cmsy6.pfb><C:/Users/Shankar/AppData/Local/Programs/MiKTeX/fonts/ty
pe1/public/amsfonts/cm/cmsy7.pfb><C:/Users/Shankar/AppData/Local/Programs/MiKTe
X/fonts/type1/public/amsfonts/cm/cmsy8.pfb><C:/Users/Shankar/AppData/Local/Prog
rams/MiKTeX/fonts/type1/public/amsfonts/cm/cmsy9.pfb><C:/Users/Shankar/AppData/
Local/Programs/MiKTeX/fonts/type1/public/amsfonts/cm/cmti10.pfb><C:/Users/Shank
ar/AppData/Local/Programs/MiKTeX/fonts/type1/public/amsfonts/symbols/msbm10.pfb
>
Output written on shankar-draft-new.pdf (70 pages, 702636 bytes).
PDF statistics:
 1055 PDF objects out of 1200 (max. 8388607)
 308 named destinations out of 1000 (max. 500000)
 685 words of extra memory for PDF output out of 10000 (max. 10000000)

