  arith.c
  common.c
D:\Shankar\goat-ipython\goat-vault\goat-vault\01 - Notes\03 - Resources\France\acads\internship-docs\project\code\JGP-SSP-Codes-Shankar\code\porta-1.4.1\src\common.c(138,48): warning C4459: declaration of 'blocks' hides global declaration
D:\Shankar\goat-ipython\goat-vault\goat-vault\01 - Notes\03 - Resources\France\acads\internship-docs\project\code\JGP-SSP-Codes-Shankar\code\porta-1.4.1\src\porta.h(125,6): message : see declaration of 'blocks'
D:\Shankar\goat-ipython\goat-vault\goat-vault\01 - Notes\03 - Resources\France\acads\internship-docs\project\code\JGP-SSP-Codes-Shankar\code\porta-1.4.1\src\common.c(175,50): warning C4459: declaration of 'blocks' hides global declaration
D:\Shankar\goat-ipython\goat-vault\goat-vault\01 - Notes\03 - Resources\France\acads\internship-docs\project\code\JGP-SSP-Codes-Shankar\code\porta-1.4.1\src\porta.h(125,6): message : see declaration of 'blocks'
D:\Shankar\goat-ipython\goat-vault\goat-vault\01 - Notes\03 - Resources\France\acads\internship-docs\project\code\JGP-SSP-Codes-Shankar\code\porta-1.4.1\src\common.c(328,15): warning C4459: declaration of 'equa' hides global declaration
D:\Shankar\goat-ipython\goat-vault\goat-vault\01 - Notes\03 - Resources\France\acads\internship-docs\project\code\JGP-SSP-Codes-Shankar\code\porta-1.4.1\src\porta.h(120,6): message : see declaration of 'equa'
  inout.c
D:\Shankar\goat-ipython\goat-vault\goat-vault\01 - Notes\03 - Resources\France\acads\internship-docs\project\code\JGP-SSP-Codes-Shankar\code\porta-1.4.1\src\inout.c(258,21): warning C4459: declaration of 'fp' hides global declaration
D:\Shankar\goat-ipython\goat-vault\goat-vault\01 - Notes\03 - Resources\France\acads\internship-docs\project\code\JGP-SSP-Codes-Shankar\code\porta-1.4.1\src\porta.h(128,7): message : see declaration of 'fp'
D:\Shankar\goat-ipython\goat-vault\goat-vault\01 - Notes\03 - Resources\France\acads\internship-docs\project\code\JGP-SSP-Codes-Shankar\code\porta-1.4.1\src\inout.c(311,53): warning C4459: declaration of 'dim' hides global declaration
D:\Shankar\goat-ipython\goat-vault\goat-vault\01 - Notes\03 - Resources\France\acads\internship-docs\project\code\JGP-SSP-Codes-Shankar\code\porta-1.4.1\src\porta.h(119,6): message : see declaration of 'dim'
D:\Shankar\goat-ipython\goat-vault\goat-vault\01 - Notes\03 - Resources\France\acads\internship-docs\project\code\JGP-SSP-Codes-Shankar\code\porta-1.4.1\src\inout.c(331,50): warning C4459: declaration of 'cone' hides global declaration
D:\Shankar\goat-ipython\goat-vault\goat-vault\01 - Notes\03 - Resources\France\acads\internship-docs\project\code\JGP-SSP-Codes-Shankar\code\porta-1.4.1\src\porta.h(123,6): message : see declaration of 'cone'
D:\Shankar\goat-ipython\goat-vault\goat-vault\01 - Notes\03 - Resources\France\acads\internship-docs\project\code\JGP-SSP-Codes-Shankar\code\porta-1.4.1\src\inout.c(331,59): warning C4459: declaration of 'conv' hides global declaration
D:\Shankar\goat-ipython\goat-vault\goat-vault\01 - Notes\03 - Resources\France\acads\internship-docs\project\code\JGP-SSP-Codes-Shankar\code\porta-1.4.1\src\porta.h(122,6): message : see declaration of 'conv'
D:\Shankar\goat-ipython\goat-vault\goat-vault\01 - Notes\03 - Resources\France\acads\internship-docs\project\code\JGP-SSP-Codes-Shankar\code\porta-1.4.1\src\inout.c(775,31): warning C4459: declaration of 'dim' hides global declaration
D:\Shankar\goat-ipython\goat-vault\goat-vault\01 - Notes\03 - Resources\France\acads\internship-docs\project\code\JGP-SSP-Codes-Shankar\code\porta-1.4.1\src\porta.h(119,6): message : see declaration of 'dim'
D:\Shankar\goat-ipython\goat-vault\goat-vault\01 - Notes\03 - Resources\France\acads\internship-docs\project\code\JGP-SSP-Codes-Shankar\code\porta-1.4.1\src\inout.c(775,41): warning C4459: declaration of 'equa' hides global declaration
D:\Shankar\goat-ipython\goat-vault\goat-vault\01 - Notes\03 - Resources\France\acads\internship-docs\project\code\JGP-SSP-Codes-Shankar\code\porta-1.4.1\src\porta.h(120,6): message : see declaration of 'equa'
D:\Shankar\goat-ipython\goat-vault\goat-vault\01 - Notes\03 - Resources\France\acads\internship-docs\project\code\JGP-SSP-Codes-Shankar\code\porta-1.4.1\src\inout.c(775,52): warning C4459: declaration of 'ineq' hides global declaration
D:\Shankar\goat-ipython\goat-vault\goat-vault\01 - Notes\03 - Resources\France\acads\internship-docs\project\code\JGP-SSP-Codes-Shankar\code\porta-1.4.1\src\porta.h(121,6): message : see declaration of 'ineq'
D:\Shankar\goat-ipython\goat-vault\goat-vault\01 - Notes\03 - Resources\France\acads\internship-docs\project\code\JGP-SSP-Codes-Shankar\code\porta-1.4.1\src\inout.c(1041,41): warning C4459: declaration of 'fp' hides global declaration
D:\Shankar\goat-ipython\goat-vault\goat-vault\01 - Notes\03 - Resources\France\acads\internship-docs\project\code\JGP-SSP-Codes-Shankar\code\porta-1.4.1\src\porta.h(128,7): message : see declaration of 'fp'
D:\Shankar\goat-ipython\goat-vault\goat-vault\01 - Notes\03 - Resources\France\acads\internship-docs\project\code\JGP-SSP-Codes-Shankar\code\porta-1.4.1\src\inout.c(1041,49): warning C4459: declaration of 'equa' hides global declaration
D:\Shankar\goat-ipython\goat-vault\goat-vault\01 - Notes\03 - Resources\France\acads\internship-docs\project\code\JGP-SSP-Codes-Shankar\code\porta-1.4.1\src\porta.h(120,6): message : see declaration of 'equa'
D:\Shankar\goat-ipython\goat-vault\goat-vault\01 - Notes\03 - Resources\France\acads\internship-docs\project\code\JGP-SSP-Codes-Shankar\code\porta-1.4.1\src\inout.c(1042,39): warning C4459: declaration of 'ineq' hides global declaration
D:\Shankar\goat-ipython\goat-vault\goat-vault\01 - Notes\03 - Resources\France\acads\internship-docs\project\code\JGP-SSP-Codes-Shankar\code\porta-1.4.1\src\porta.h(121,6): message : see declaration of 'ineq'
D:\Shankar\goat-ipython\goat-vault\goat-vault\01 - Notes\03 - Resources\France\acads\internship-docs\project\code\JGP-SSP-Codes-Shankar\code\porta-1.4.1\src\inout.c(1110,41): warning C4459: declaration of 'fp' hides global declaration
D:\Shankar\goat-ipython\goat-vault\goat-vault\01 - Notes\03 - Resources\France\acads\internship-docs\project\code\JGP-SSP-Codes-Shankar\code\porta-1.4.1\src\porta.h(128,7): message : see declaration of 'fp'
D:\Shankar\goat-ipython\goat-vault\goat-vault\01 - Notes\03 - Resources\France\acads\internship-docs\project\code\JGP-SSP-Codes-Shankar\code\porta-1.4.1\src\inout.c(1110,49): warning C4459: declaration of 'dim' hides global declaration
D:\Shankar\goat-ipython\goat-vault\goat-vault\01 - Notes\03 - Resources\France\acads\internship-docs\project\code\JGP-SSP-Codes-Shankar\code\porta-1.4.1\src\porta.h(119,6): message : see declaration of 'dim'
D:\Shankar\goat-ipython\goat-vault\goat-vault\01 - Notes\03 - Resources\France\acads\internship-docs\project\code\JGP-SSP-Codes-Shankar\code\porta-1.4.1\src\inout.c(1111,26): warning C4459: declaration of 'cone' hides global declaration
D:\Shankar\goat-ipython\goat-vault\goat-vault\01 - Notes\03 - Resources\France\acads\internship-docs\project\code\JGP-SSP-Codes-Shankar\code\porta-1.4.1\src\porta.h(123,6): message : see declaration of 'cone'
D:\Shankar\goat-ipython\goat-vault\goat-vault\01 - Notes\03 - Resources\France\acads\internship-docs\project\code\JGP-SSP-Codes-Shankar\code\porta-1.4.1\src\inout.c(1111,45): warning C4459: declaration of 'conv' hides global declaration
D:\Shankar\goat-ipython\goat-vault\goat-vault\01 - Notes\03 - Resources\France\acads\internship-docs\project\code\JGP-SSP-Codes-Shankar\code\porta-1.4.1\src\porta.h(122,6): message : see declaration of 'conv'
D:\Shankar\goat-ipython\goat-vault\goat-vault\01 - Notes\03 - Resources\France\acads\internship-docs\project\code\JGP-SSP-Codes-Shankar\code\porta-1.4.1\src\inout.c(1243,22): warning C4459: declaration of 'fp' hides global declaration
D:\Shankar\goat-ipython\goat-vault\goat-vault\01 - Notes\03 - Resources\France\acads\internship-docs\project\code\JGP-SSP-Codes-Shankar\code\porta-1.4.1\src\porta.h(128,7): message : see declaration of 'fp'
D:\Shankar\goat-ipython\goat-vault\goat-vault\01 - Notes\03 - Resources\France\acads\internship-docs\project\code\JGP-SSP-Codes-Shankar\code\porta-1.4.1\src\inout.c(1286,27): warning C4459: declaration of 'fp' hides global declaration
D:\Shankar\goat-ipython\goat-vault\goat-vault\01 - Notes\03 - Resources\France\acads\internship-docs\project\code\JGP-SSP-Codes-Shankar\code\porta-1.4.1\src\porta.h(128,7): message : see declaration of 'fp'
D:\Shankar\goat-ipython\goat-vault\goat-vault\01 - Notes\03 - Resources\France\acads\internship-docs\project\code\JGP-SSP-Codes-Shankar\code\porta-1.4.1\src\inout.c(1307,29): warning C4459: declaration of 'fp' hides global declaration
D:\Shankar\goat-ipython\goat-vault\goat-vault\01 - Notes\03 - Resources\France\acads\internship-docs\project\code\JGP-SSP-Codes-Shankar\code\porta-1.4.1\src\porta.h(128,7): message : see declaration of 'fp'
D:\Shankar\goat-ipython\goat-vault\goat-vault\01 - Notes\03 - Resources\France\acads\internship-docs\project\code\JGP-SSP-Codes-Shankar\code\porta-1.4.1\src\inout.c(1308,28): warning C4459: declaration of 'max' hides global declaration
D:\Shankar\goat-ipython\goat-vault\goat-vault\01 - Notes\03 - Resources\France\acads\internship-docs\project\code\JGP-SSP-Codes-Shankar\code\porta-1.4.1\src\inout.c(1241,6): message : see declaration of 'max'
D:\Shankar\goat-ipython\goat-vault\goat-vault\01 - Notes\03 - Resources\France\acads\internship-docs\project\code\JGP-SSP-Codes-Shankar\code\porta-1.4.1\src\inout.c(1402,26): warning C4459: declaration of 'fp' hides global declaration
D:\Shankar\goat-ipython\goat-vault\goat-vault\01 - Notes\03 - Resources\France\acads\internship-docs\project\code\JGP-SSP-Codes-Shankar\code\porta-1.4.1\src\porta.h(128,7): message : see declaration of 'fp'
D:\Shankar\goat-ipython\goat-vault\goat-vault\01 - Notes\03 - Resources\France\acads\internship-docs\project\code\JGP-SSP-Codes-Shankar\code\porta-1.4.1\src\inout.c(1402,56): warning C4459: declaration of 'points' hides global declaration
D:\Shankar\goat-ipython\goat-vault\goat-vault\01 - Notes\03 - Resources\France\acads\internship-docs\project\code\JGP-SSP-Codes-Shankar\code\porta-1.4.1\src\porta.h(124,6): message : see declaration of 'points'
D:\Shankar\goat-ipython\goat-vault\goat-vault\01 - Notes\03 - Resources\France\acads\internship-docs\project\code\JGP-SSP-Codes-Shankar\code\porta-1.4.1\src\inout.c(1404,33): warning C4459: declaration of 'max' hides global declaration
D:\Shankar\goat-ipython\goat-vault\goat-vault\01 - Notes\03 - Resources\France\acads\internship-docs\project\code\JGP-SSP-Codes-Shankar\code\porta-1.4.1\src\inout.c(1241,6): message : see declaration of 'max'
D:\Shankar\goat-ipython\goat-vault\goat-vault\01 - Notes\03 - Resources\France\acads\internship-docs\project\code\JGP-SSP-Codes-Shankar\code\porta-1.4.1\src\inout.c(1495,23): warning C4459: declaration of 'fp' hides global declaration
D:\Shankar\goat-ipython\goat-vault\goat-vault\01 - Notes\03 - Resources\France\acads\internship-docs\project\code\JGP-SSP-Codes-Shankar\code\porta-1.4.1\src\porta.h(128,7): message : see declaration of 'fp'
  log.c
  Generating Code...
C:\Program Files\Microsoft Visual Studio\2022\Community\MSBuild\Microsoft\VC\v170\Microsoft.CppBuild.targets(1573,5): warning MSB8012: TargetPath(D:\Shankar\goat-ipython\goat-vault\goat-vault\01 - Notes\03 - Resources\France\acads\internship-docs\project\code\JGP-SSP-Codes-Shankar\code\porta-1.4.1\win32\x64\Release\portalib.lib) does not match the Library's OutputFile property value (D:\Shankar\goat-ipython\goat-vault\goat-vault\01 - Notes\03 - Resources\France\acads\internship-docs\project\code\JGP-SSP-Codes-Shankar\code\porta-1.4.1\win32\Release\portalib.lib). This may cause your project to build incorrectly. To correct this, please make sure that $(OutDir), $(TargetName) and $(TargetExt) property values match the value specified in %(Lib.OutputFile).
  portalib.vcxproj -> D:\Shankar\goat-ipython\goat-vault\goat-vault\01 - Notes\03 - Resources\France\acads\internship-docs\project\code\JGP-SSP-Codes-Shankar\code\porta-1.4.1\win32\x64\Release\portalib.lib
