C:\Program Files\Microsoft Visual Studio\2022\Community\MSBuild\Microsoft\VC\v170\Microsoft.CppBuild.targets(534,5): warning MSB8028: The intermediate directory (x64\Release\) contains files shared from another project (portalib.vcxproj).  This can lead to incorrect clean and rebuild behavior.
  four_mot.c
D:\Shankar\goat-ipython\goat-vault\goat-vault\01 - Notes\03 - Resources\France\acads\internship-docs\project\code\JGP-SSP-Codes-Shankar\code\porta-1.4.1\src\four_mot.c(528,34): warning C4018: '<=': signed/unsigned mismatch
D:\Shankar\goat-ipython\goat-vault\goat-vault\01 - Notes\03 - Resources\France\acads\internship-docs\project\code\JGP-SSP-Codes-Shankar\code\porta-1.4.1\src\four_mot.c(535,40): warning C4244: '=': conversion from '__int64' to 'int', possible loss of data
D:\Shankar\goat-ipython\goat-vault\goat-vault\01 - Notes\03 - Resources\France\acads\internship-docs\project\code\JGP-SSP-Codes-Shankar\code\porta-1.4.1\src\four_mot.c(545,33): warning C4244: '=': conversion from '__int64' to 'int', possible loss of data
D:\Shankar\goat-ipython\goat-vault\goat-vault\01 - Notes\03 - Resources\France\acads\internship-docs\project\code\JGP-SSP-Codes-Shankar\code\porta-1.4.1\src\four_mot.c(583,49): warning C4311: 'type cast': pointer truncation from 'RAT *' to 'long'
D:\Shankar\goat-ipython\goat-vault\goat-vault\01 - Notes\03 - Resources\France\acads\internship-docs\project\code\JGP-SSP-Codes-Shankar\code\porta-1.4.1\src\four_mot.c(585,54): warning C4311: 'type cast': pointer truncation from 'RAT *' to 'long'
D:\Shankar\goat-ipython\goat-vault\goat-vault\01 - Notes\03 - Resources\France\acads\internship-docs\project\code\JGP-SSP-Codes-Shankar\code\porta-1.4.1\src\four_mot.c(586,54): warning C4311: 'type cast': pointer truncation from 'RAT *' to 'long'
D:\Shankar\goat-ipython\goat-vault\goat-vault\01 - Notes\03 - Resources\France\acads\internship-docs\project\code\JGP-SSP-Codes-Shankar\code\porta-1.4.1\src\four_mot.c(594,56): warning C4311: 'type cast': pointer truncation from 'RAT *' to 'long'
D:\Shankar\goat-ipython\goat-vault\goat-vault\01 - Notes\03 - Resources\France\acads\internship-docs\project\code\JGP-SSP-Codes-Shankar\code\porta-1.4.1\src\four_mot.c(774,34): warning C4018: '>': signed/unsigned mismatch
  largecalc.c
  mp.c
D:\Shankar\goat-ipython\goat-vault\goat-vault\01 - Notes\03 - Resources\France\acads\internship-docs\project\code\JGP-SSP-Codes-Shankar\code\porta-1.4.1\src\mp.c(264,31): warning C4244: '=': conversion from '__int64' to 'int', possible loss of data
  porta.c
D:\Shankar\goat-ipython\goat-vault\goat-vault\01 - Notes\03 - Resources\France\acads\internship-docs\project\code\JGP-SSP-Codes-Shankar\code\porta-1.4.1\src\porta.c(149,13): warning C4996: 'strdup': The POSIX name for this item is deprecated. Instead, use the ISO C and C++ conformant name: _strdup. See online help for details.
D:\Shankar\goat-ipython\goat-vault\goat-vault\01 - Notes\03 - Resources\France\acads\internship-docs\project\code\JGP-SSP-Codes-Shankar\code\porta-1.4.1\src\porta.c(295,13): warning C4996: 'strdup': The POSIX name for this item is deprecated. Instead, use the ISO C and C++ conformant name: _strdup. See online help for details.
D:\Shankar\goat-ipython\goat-vault\goat-vault\01 - Notes\03 - Resources\France\acads\internship-docs\project\code\JGP-SSP-Codes-Shankar\code\porta-1.4.1\src\porta.c(1150,30): warning C4244: '=': conversion from '__int64' to 'int', possible loss of data
D:\Shankar\goat-ipython\goat-vault\goat-vault\01 - Notes\03 - Resources\France\acads\internship-docs\project\code\JGP-SSP-Codes-Shankar\code\porta-1.4.1\src\porta.c(1156,46): warning C4244: '=': conversion from '__int64' to 'int', possible loss of data
D:\Shankar\goat-ipython\goat-vault\goat-vault\01 - Notes\03 - Resources\France\acads\internship-docs\project\code\JGP-SSP-Codes-Shankar\code\porta-1.4.1\src\porta.c(1161,46): warning C4244: '=': conversion from '__int64' to 'int', possible loss of data
  portsort.c
  Generating Code...
C:\Program Files\Microsoft Visual Studio\2022\Community\MSBuild\Microsoft\VC\v170\Microsoft.CppBuild.targets(1391,5): warning MSB8012: TargetPath(D:\Shankar\goat-ipython\goat-vault\goat-vault\01 - Notes\03 - Resources\France\acads\internship-docs\project\code\JGP-SSP-Codes-Shankar\code\porta-1.4.1\win32\x64\Release\xporta.exe) does not match the Linker's OutputFile property value (D:\Shankar\goat-ipython\goat-vault\goat-vault\01 - Notes\03 - Resources\France\acads\internship-docs\project\code\JGP-SSP-Codes-Shankar\code\porta-1.4.1\win32\bin\xporta.exe). This may cause your project to build incorrectly. To correct this, please make sure that $(OutDir), $(TargetName) and $(TargetExt) property values match the value specified in %(Link.OutputFile).
  xporta.vcxproj -> D:\Shankar\goat-ipython\goat-vault\goat-vault\01 - Notes\03 - Resources\France\acads\internship-docs\project\code\JGP-SSP-Codes-Shankar\code\porta-1.4.1\win32\x64\Release\xporta.exe
